{"C:\\Users\\daliw\\Desktop\\portfolio\\meet\\src\\App.jsx": {"path":"C:\\Users\\daliw\\Desktop\\portfolio\\meet\\src\\App.jsx","statementMap":{"0":{"start":{"line":11,"column":12},"end":{"line":37,"column":1}},"1":{"start":{"line":12,"column":30},"end":{"line":12,"column":42}},"2":{"start":{"line":13,"column":38},"end":{"line":13,"column":50}},"3":{"start":{"line":14,"column":42},"end":{"line":14,"column":54}},"4":{"start":{"line":15,"column":40},"end":{"line":15,"column":66}},"5":{"start":{"line":17,"column":2},"end":{"line":19,"column":32}},"6":{"start":{"line":18,"column":4},"end":{"line":18,"column":16}},"7":{"start":{"line":21,"column":20},"end":{"line":28,"column":3}},"8":{"start":{"line":22,"column":22},"end":{"line":22,"column":39}},"9":{"start":{"line":23,"column":26},"end":{"line":25,"column":63}},"10":{"start":{"line":25,"column":32},"end":{"line":25,"column":62}},"11":{"start":{"line":26,"column":4},"end":{"line":26,"column":50}},"12":{"start":{"line":27,"column":4},"end":{"line":27,"column":49}},"13":{"start":{"line":30,"column":2},"end":{"line":36,"column":4}}},"fnMap":{"0":{"name":"(anonymous_0)","decl":{"start":{"line":11,"column":12},"end":{"line":11,"column":13}},"loc":{"start":{"line":11,"column":18},"end":{"line":37,"column":1}},"line":11},"1":{"name":"(anonymous_1)","decl":{"start":{"line":17,"column":12},"end":{"line":17,"column":13}},"loc":{"start":{"line":17,"column":18},"end":{"line":19,"column":3}},"line":17},"2":{"name":"(anonymous_2)","decl":{"start":{"line":21,"column":20},"end":{"line":21,"column":21}},"loc":{"start":{"line":21,"column":32},"end":{"line":28,"column":3}},"line":21},"3":{"name":"(anonymous_3)","decl":{"start":{"line":25,"column":23},"end":{"line":25,"column":24}},"loc":{"start":{"line":25,"column":32},"end":{"line":25,"column":62}},"line":25}},"branchMap":{"0":{"loc":{"start":{"line":23,"column":26},"end":{"line":25,"column":63}},"type":"cond-expr","locations":[{"start":{"line":24,"column":6},"end":{"line":24,"column":15}},{"start":{"line":25,"column":6},"end":{"line":25,"column":63}}],"line":23}},"s":{"0":3,"1":22,"2":21,"3":21,"4":21,"5":21,"6":12,"7":21,"8":12,"9":12,"10":39,"11":12,"12":12,"13":21},"f":{"0":22,"1":12,"2":12,"3":39},"b":{"0":[11,1]},"_coverageSchema":"1a1c01bbd47fc00a2c39e90264f33305004495a9","hash":"54338e119643acd03ac625a52a57efde89a7e65f"}
,"C:\\Users\\daliw\\Desktop\\portfolio\\meet\\src\\api.js": {"path":"C:\\Users\\daliw\\Desktop\\portfolio\\meet\\src\\api.js","statementMap":{"0":{"start":{"line":3,"column":32},"end":{"line":7,"column":1}},"1":{"start":{"line":4,"column":29},"end":{"line":4,"column":66}},"2":{"start":{"line":4,"column":51},"end":{"line":4,"column":65}},"3":{"start":{"line":5,"column":20},"end":{"line":5,"column":52}},"4":{"start":{"line":6,"column":2},"end":{"line":6,"column":19}},"5":{"start":{"line":9,"column":19},"end":{"line":15,"column":1}},"6":{"start":{"line":10,"column":19},"end":{"line":12,"column":3}},"7":{"start":{"line":13,"column":17},"end":{"line":13,"column":38}},"8":{"start":{"line":14,"column":2},"end":{"line":14,"column":16}},"9":{"start":{"line":17,"column":25},"end":{"line":33,"column":1}},"10":{"start":{"line":18,"column":2},"end":{"line":20,"column":3}},"11":{"start":{"line":19,"column":4},"end":{"line":19,"column":20}},"12":{"start":{"line":22,"column":16},"end":{"line":22,"column":38}},"13":{"start":{"line":24,"column":2},"end":{"line":32,"column":3}},"14":{"start":{"line":25,"column":4},"end":{"line":25,"column":18}},"15":{"start":{"line":26,"column":16},"end":{"line":26,"column":113}},"16":{"start":{"line":27,"column":21},"end":{"line":27,"column":37}},"17":{"start":{"line":28,"column":19},"end":{"line":28,"column":40}},"18":{"start":{"line":29,"column":4},"end":{"line":31,"column":23}},"19":{"start":{"line":30,"column":6},"end":{"line":30,"column":27}},"20":{"start":{"line":31,"column":11},"end":{"line":31,"column":23}},"21":{"start":{"line":35,"column":30},"end":{"line":56,"column":1}},"22":{"start":{"line":36,"column":22},"end":{"line":36,"column":58}},"23":{"start":{"line":38,"column":21},"end":{"line":38,"column":67}},"24":{"start":{"line":41,"column":2},"end":{"line":54,"column":3}},"25":{"start":{"line":42,"column":4},"end":{"line":42,"column":50}},"26":{"start":{"line":43,"column":25},"end":{"line":43,"column":68}},"27":{"start":{"line":44,"column":17},"end":{"line":44,"column":47}},"28":{"start":{"line":45,"column":4},"end":{"line":52,"column":5}},"29":{"start":{"line":46,"column":23},"end":{"line":48,"column":7}},"30":{"start":{"line":49,"column":21},"end":{"line":49,"column":42}},"31":{"start":{"line":50,"column":26},"end":{"line":50,"column":32}},"32":{"start":{"line":51,"column":6},"end":{"line":51,"column":46}},"33":{"start":{"line":53,"column":4},"end":{"line":53,"column":34}},"34":{"start":{"line":55,"column":2},"end":{"line":55,"column":21}},"35":{"start":{"line":58,"column":20},"end":{"line":71,"column":1}},"36":{"start":{"line":60,"column":2},"end":{"line":70,"column":3}},"37":{"start":{"line":61,"column":4},"end":{"line":65,"column":31}},"38":{"start":{"line":66,"column":4},"end":{"line":66,"column":45}},"39":{"start":{"line":68,"column":4},"end":{"line":68,"column":68}},"40":{"start":{"line":69,"column":4},"end":{"line":69,"column":45}},"41":{"start":{"line":73,"column":17},"end":{"line":83,"column":1}},"42":{"start":{"line":74,"column":21},"end":{"line":74,"column":45}},"43":{"start":{"line":75,"column":19},"end":{"line":77,"column":3}},"44":{"start":{"line":78,"column":27},"end":{"line":78,"column":48}},"45":{"start":{"line":79,"column":2},"end":{"line":79,"column":69}},"46":{"start":{"line":82,"column":2},"end":{"line":82,"column":22}}},"fnMap":{"0":{"name":"(anonymous_0)","decl":{"start":{"line":3,"column":32},"end":{"line":3,"column":33}},"loc":{"start":{"line":3,"column":43},"end":{"line":7,"column":1}},"line":3},"1":{"name":"(anonymous_1)","decl":{"start":{"line":4,"column":40},"end":{"line":4,"column":41}},"loc":{"start":{"line":4,"column":51},"end":{"line":4,"column":65}},"line":4},"2":{"name":"(anonymous_2)","decl":{"start":{"line":9,"column":19},"end":{"line":9,"column":20}},"loc":{"start":{"line":9,"column":42},"end":{"line":15,"column":1}},"line":9},"3":{"name":"(anonymous_3)","decl":{"start":{"line":17,"column":25},"end":{"line":17,"column":26}},"loc":{"start":{"line":17,"column":37},"end":{"line":33,"column":1}},"line":17},"4":{"name":"(anonymous_4)","decl":{"start":{"line":35,"column":30},"end":{"line":35,"column":31}},"loc":{"start":{"line":35,"column":42},"end":{"line":56,"column":1}},"line":35},"5":{"name":"(anonymous_5)","decl":{"start":{"line":58,"column":20},"end":{"line":58,"column":21}},"loc":{"start":{"line":58,"column":26},"end":{"line":71,"column":1}},"line":58},"6":{"name":"(anonymous_6)","decl":{"start":{"line":73,"column":17},"end":{"line":73,"column":18}},"loc":{"start":{"line":73,"column":33},"end":{"line":83,"column":1}},"line":73}},"branchMap":{"0":{"loc":{"start":{"line":18,"column":2},"end":{"line":20,"column":3}},"type":"if","locations":[{"start":{"line":18,"column":2},"end":{"line":20,"column":3}},{"start":{},"end":{}}],"line":18},"1":{"loc":{"start":{"line":24,"column":2},"end":{"line":32,"column":3}},"type":"if","locations":[{"start":{"line":24,"column":2},"end":{"line":32,"column":3}},{"start":{},"end":{}}],"line":24},"2":{"loc":{"start":{"line":29,"column":4},"end":{"line":31,"column":23}},"type":"if","locations":[{"start":{"line":29,"column":4},"end":{"line":31,"column":23}},{"start":{"line":31,"column":11},"end":{"line":31,"column":23}}],"line":29},"3":{"loc":{"start":{"line":38,"column":21},"end":{"line":38,"column":67}},"type":"binary-expr","locations":[{"start":{"line":38,"column":21},"end":{"line":38,"column":32}},{"start":{"line":38,"column":37},"end":{"line":38,"column":66}}],"line":38},"4":{"loc":{"start":{"line":41,"column":2},"end":{"line":54,"column":3}},"type":"if","locations":[{"start":{"line":41,"column":2},"end":{"line":54,"column":3}},{"start":{},"end":{}}],"line":41},"5":{"loc":{"start":{"line":41,"column":6},"end":{"line":41,"column":38}},"type":"binary-expr","locations":[{"start":{"line":41,"column":6},"end":{"line":41,"column":18}},{"start":{"line":41,"column":22},"end":{"line":41,"column":38}}],"line":41},"6":{"loc":{"start":{"line":45,"column":4},"end":{"line":52,"column":5}},"type":"if","locations":[{"start":{"line":45,"column":4},"end":{"line":52,"column":5}},{"start":{},"end":{}}],"line":45},"7":{"loc":{"start":{"line":53,"column":11},"end":{"line":53,"column":33}},"type":"binary-expr","locations":[{"start":{"line":53,"column":11},"end":{"line":53,"column":15}},{"start":{"line":53,"column":19},"end":{"line":53,"column":33}}],"line":53},"8":{"loc":{"start":{"line":60,"column":2},"end":{"line":70,"column":3}},"type":"if","locations":[{"start":{"line":60,"column":2},"end":{"line":70,"column":3}},{"start":{"line":67,"column":9},"end":{"line":70,"column":3}}],"line":60},"9":{"loc":{"start":{"line":60,"column":6},"end":{"line":60,"column":58}},"type":"binary-expr","locations":[{"start":{"line":60,"column":6},"end":{"line":60,"column":30}},{"start":{"line":60,"column":34},"end":{"line":60,"column":58}}],"line":60},"10":{"loc":{"start":{"line":79,"column":2},"end":{"line":79,"column":68}},"type":"binary-expr","locations":[{"start":{"line":79,"column":2},"end":{"line":79,"column":14}},{"start":{"line":79,"column":18},"end":{"line":79,"column":68}}],"line":79}},"s":{"0":3,"1":15,"2":585,"3":15,"4":15,"5":3,"6":0,"7":0,"8":0,"9":3,"10":17,"11":17,"12":0,"13":0,"14":0,"15":0,"16":0,"17":0,"18":0,"19":0,"20":0,"21":3,"22":0,"23":0,"24":0,"25":0,"26":0,"27":0,"28":0,"29":0,"30":0,"31":0,"32":0,"33":0,"34":0,"35":3,"36":0,"37":0,"38":0,"39":0,"40":0,"41":3,"42":0,"43":0,"44":0,"45":0,"46":0},"f":{"0":15,"1":585,"2":0,"3":17,"4":0,"5":0,"6":0},"b":{"0":[17,0],"1":[0,0],"2":[0,0],"3":[0,0],"4":[0,0],"5":[0,0],"6":[0,0],"7":[0,0],"8":[0,0],"9":[0,0],"10":[0,0]},"_coverageSchema":"1a1c01bbd47fc00a2c39e90264f33305004495a9","hash":"c80cec3a235763b70925b91c06390704dbdd5d0f"}
,"C:\\Users\\daliw\\Desktop\\portfolio\\meet\\src\\mock-data.js": {"path":"C:\\Users\\daliw\\Desktop\\portfolio\\meet\\src\\mock-data.js","statementMap":{"0":{"start":{"line":1,"column":17},"end":{"line":1613,"column":1}}},"fnMap":{},"branchMap":{},"s":{"0":4},"f":{},"b":{},"_coverageSchema":"1a1c01bbd47fc00a2c39e90264f33305004495a9","hash":"08280bb6c3daac15d2406d93fe4639f394ee5698"}
,"C:\\Users\\daliw\\Desktop\\portfolio\\meet\\src\\components\\CitySearch.jsx": {"path":"C:\\Users\\daliw\\Desktop\\portfolio\\meet\\src\\components\\CitySearch.jsx","statementMap":{"0":{"start":{"line":3,"column":19},"end":{"line":53,"column":1}},"1":{"start":{"line":4,"column":48},"end":{"line":4,"column":63}},"2":{"start":{"line":5,"column":28},"end":{"line":5,"column":40}},"3":{"start":{"line":6,"column":40},"end":{"line":6,"column":52}},"4":{"start":{"line":8,"column":29},"end":{"line":17,"column":3}},"5":{"start":{"line":9,"column":18},"end":{"line":9,"column":36}},"6":{"start":{"line":10,"column":30},"end":{"line":12,"column":11}},"7":{"start":{"line":11,"column":6},"end":{"line":11,"column":70}},"8":{"start":{"line":15,"column":4},"end":{"line":15,"column":20}},"9":{"start":{"line":16,"column":4},"end":{"line":16,"column":38}},"10":{"start":{"line":19,"column":28},"end":{"line":24,"column":3}},"11":{"start":{"line":20,"column":18},"end":{"line":20,"column":42}},"12":{"start":{"line":21,"column":4},"end":{"line":21,"column":20}},"13":{"start":{"line":22,"column":4},"end":{"line":22,"column":30}},"14":{"start":{"line":23,"column":4},"end":{"line":23,"column":26}},"15":{"start":{"line":26,"column":2},"end":{"line":28,"column":26}},"16":{"start":{"line":27,"column":4},"end":{"line":27,"column":39}},"17":{"start":{"line":30,"column":2},"end":{"line":52,"column":3}},"18":{"start":{"line":37,"column":23},"end":{"line":37,"column":47}},"19":{"start":{"line":43,"column":12},"end":{"line":43,"column":85}}},"fnMap":{"0":{"name":"(anonymous_0)","decl":{"start":{"line":3,"column":19},"end":{"line":3,"column":20}},"loc":{"start":{"line":3,"column":57},"end":{"line":53,"column":1}},"line":3},"1":{"name":"(anonymous_1)","decl":{"start":{"line":8,"column":29},"end":{"line":8,"column":30}},"loc":{"start":{"line":8,"column":40},"end":{"line":17,"column":3}},"line":8},"2":{"name":"(anonymous_2)","decl":{"start":{"line":10,"column":65},"end":{"line":10,"column":66}},"loc":{"start":{"line":10,"column":79},"end":{"line":12,"column":5}},"line":10},"3":{"name":"(anonymous_3)","decl":{"start":{"line":19,"column":28},"end":{"line":19,"column":29}},"loc":{"start":{"line":19,"column":39},"end":{"line":24,"column":3}},"line":19},"4":{"name":"(anonymous_4)","decl":{"start":{"line":26,"column":12},"end":{"line":26,"column":13}},"loc":{"start":{"line":26,"column":18},"end":{"line":28,"column":3}},"line":26},"5":{"name":"(anonymous_5)","decl":{"start":{"line":37,"column":17},"end":{"line":37,"column":18}},"loc":{"start":{"line":37,"column":23},"end":{"line":37,"column":47}},"line":37},"6":{"name":"(anonymous_6)","decl":{"start":{"line":42,"column":27},"end":{"line":42,"column":28}},"loc":{"start":{"line":42,"column":43},"end":{"line":44,"column":11}},"line":42}},"branchMap":{"0":{"loc":{"start":{"line":10,"column":30},"end":{"line":12,"column":11}},"type":"cond-expr","locations":[{"start":{"line":10,"column":45},"end":{"line":12,"column":6}},{"start":{"line":12,"column":9},"end":{"line":12,"column":11}}],"line":10},"1":{"loc":{"start":{"line":27,"column":19},"end":{"line":27,"column":37}},"type":"binary-expr","locations":[{"start":{"line":27,"column":19},"end":{"line":27,"column":31}},{"start":{"line":27,"column":35},"end":{"line":27,"column":37}}],"line":27},"2":{"loc":{"start":{"line":40,"column":7},"end":{"line":49,"column":14}},"type":"cond-expr","locations":[{"start":{"line":41,"column":8},"end":{"line":48,"column":13}},{"start":{"line":49,"column":10},"end":{"line":49,"column":14}}],"line":40}},"s":{"0":3,"1":81,"2":81,"3":81,"4":81,"5":24,"6":24,"7":90,"8":24,"9":24,"10":81,"11":2,"12":2,"13":2,"14":2,"15":81,"16":20,"17":81,"18":6,"19":38},"f":{"0":81,"1":24,"2":90,"3":2,"4":20,"5":6,"6":38},"b":{"0":[18,6],"1":[20,1],"2":[31,50]},"_coverageSchema":"1a1c01bbd47fc00a2c39e90264f33305004495a9","hash":"c54b0f3b37eb16178256140b19ac7b36602d9d30"}
,"C:\\Users\\daliw\\Desktop\\portfolio\\meet\\src\\components\\Event.jsx": {"path":"C:\\Users\\daliw\\Desktop\\portfolio\\meet\\src\\components\\Event.jsx","statementMap":{"0":{"start":{"line":3,"column":14},"end":{"line":27,"column":1}},"1":{"start":{"line":4,"column":40},"end":{"line":4,"column":55}},"2":{"start":{"line":6,"column":21},"end":{"line":6,"column":41}},"3":{"start":{"line":7,"column":20},"end":{"line":7,"column":91}},"4":{"start":{"line":8,"column":24},"end":{"line":8,"column":45}},"5":{"start":{"line":10,"column":2},"end":{"line":26,"column":4}},"6":{"start":{"line":15,"column":29},"end":{"line":15,"column":57}}},"fnMap":{"0":{"name":"(anonymous_0)","decl":{"start":{"line":3,"column":14},"end":{"line":3,"column":15}},"loc":{"start":{"line":3,"column":29},"end":{"line":27,"column":1}},"line":3},"1":{"name":"(anonymous_1)","decl":{"start":{"line":15,"column":23},"end":{"line":15,"column":24}},"loc":{"start":{"line":15,"column":29},"end":{"line":15,"column":57}},"line":15}},"branchMap":{"0":{"loc":{"start":{"line":6,"column":21},"end":{"line":6,"column":41}},"type":"binary-expr","locations":[{"start":{"line":6,"column":21},"end":{"line":6,"column":35}},{"start":{"line":6,"column":39},"end":{"line":6,"column":41}}],"line":6},"1":{"loc":{"start":{"line":7,"column":20},"end":{"line":7,"column":91}},"type":"cond-expr","locations":[{"start":{"line":7,"column":45},"end":{"line":7,"column":86}},{"start":{"line":7,"column":89},"end":{"line":7,"column":91}}],"line":7},"2":{"loc":{"start":{"line":8,"column":24},"end":{"line":8,"column":45}},"type":"binary-expr","locations":[{"start":{"line":8,"column":24},"end":{"line":8,"column":39}},{"start":{"line":8,"column":43},"end":{"line":8,"column":45}}],"line":8},"3":{"loc":{"start":{"line":15,"column":60},"end":{"line":15,"column":105}},"type":"cond-expr","locations":[{"start":{"line":15,"column":74},"end":{"line":15,"column":88}},{"start":{"line":15,"column":91},"end":{"line":15,"column":105}}],"line":15},"4":{"loc":{"start":{"line":17,"column":7},"end":{"line":24,"column":7}},"type":"binary-expr","locations":[{"start":{"line":17,"column":7},"end":{"line":17,"column":18}},{"start":{"line":18,"column":8},"end":{"line":23,"column":14}}],"line":17}},"s":{"0":4,"1":285,"2":285,"3":285,"4":285,"5":285,"6":3},"f":{"0":285,"1":3},"b":{"0":[285,1],"1":[284,1],"2":[285,1],"3":[2,283],"4":[285,2]},"_coverageSchema":"1a1c01bbd47fc00a2c39e90264f33305004495a9","hash":"29f016ebcd2645051691ae1e229ad8ea7f35295d"}
,"C:\\Users\\daliw\\Desktop\\portfolio\\meet\\src\\components\\EventList.jsx": {"path":"C:\\Users\\daliw\\Desktop\\portfolio\\meet\\src\\components\\EventList.jsx","statementMap":{"0":{"start":{"line":5,"column":18},"end":{"line":13,"column":1}},"1":{"start":{"line":6,"column":2},"end":{"line":12,"column":4}},"2":{"start":{"line":9,"column":28},"end":{"line":9,"column":66}}},"fnMap":{"0":{"name":"(anonymous_0)","decl":{"start":{"line":5,"column":18},"end":{"line":5,"column":19}},"loc":{"start":{"line":5,"column":36},"end":{"line":13,"column":1}},"line":5},"1":{"name":"(anonymous_1)","decl":{"start":{"line":9,"column":19},"end":{"line":9,"column":20}},"loc":{"start":{"line":9,"column":28},"end":{"line":9,"column":66}},"line":9}},"branchMap":{"0":{"loc":{"start":{"line":8,"column":7},"end":{"line":10,"column":12}},"type":"cond-expr","locations":[{"start":{"line":9,"column":8},"end":{"line":9,"column":67}},{"start":{"line":10,"column":8},"end":{"line":10,"column":12}}],"line":8}},"s":{"0":3,"1":24,"2":267},"f":{"0":24,"1":267},"b":{"0":[22,2]},"_coverageSchema":"1a1c01bbd47fc00a2c39e90264f33305004495a9","hash":"00baee26cf22bf09a834db43ce203fffba976c72"}
,"C:\\Users\\daliw\\Desktop\\portfolio\\meet\\src\\components\\NumberOfEvents.jsx": {"path":"C:\\Users\\daliw\\Desktop\\portfolio\\meet\\src\\components\\NumberOfEvents.jsx","statementMap":{"0":{"start":{"line":5,"column":23},"end":{"line":47,"column":1}},"1":{"start":{"line":6,"column":28},"end":{"line":6,"column":42}},"2":{"start":{"line":8,"column":23},"end":{"line":32,"column":3}},"3":{"start":{"line":9,"column":24},"end":{"line":9,"column":38}},"4":{"start":{"line":11,"column":4},"end":{"line":15,"column":5}},"5":{"start":{"line":12,"column":6},"end":{"line":12,"column":28}},"6":{"start":{"line":13,"column":6},"end":{"line":13,"column":19}},"7":{"start":{"line":14,"column":6},"end":{"line":14,"column":13}},"8":{"start":{"line":16,"column":21},"end":{"line":16,"column":42}},"9":{"start":{"line":18,"column":4},"end":{"line":22,"column":5}},"10":{"start":{"line":19,"column":6},"end":{"line":19,"column":28}},"11":{"start":{"line":20,"column":6},"end":{"line":20,"column":19}},"12":{"start":{"line":21,"column":6},"end":{"line":21,"column":13}},"13":{"start":{"line":24,"column":4},"end":{"line":28,"column":5}},"14":{"start":{"line":25,"column":6},"end":{"line":25,"column":27}},"15":{"start":{"line":26,"column":6},"end":{"line":26,"column":20}},"16":{"start":{"line":27,"column":6},"end":{"line":27,"column":13}},"17":{"start":{"line":30,"column":4},"end":{"line":30,"column":32}},"18":{"start":{"line":31,"column":4},"end":{"line":31,"column":34}},"19":{"start":{"line":34,"column":2},"end":{"line":46,"column":4}}},"fnMap":{"0":{"name":"(anonymous_0)","decl":{"start":{"line":5,"column":23},"end":{"line":5,"column":24}},"loc":{"start":{"line":5,"column":66},"end":{"line":47,"column":1}},"line":5},"1":{"name":"(anonymous_1)","decl":{"start":{"line":8,"column":23},"end":{"line":8,"column":24}},"loc":{"start":{"line":8,"column":30},"end":{"line":32,"column":3}},"line":8}},"branchMap":{"0":{"loc":{"start":{"line":11,"column":4},"end":{"line":15,"column":5}},"type":"if","locations":[{"start":{"line":11,"column":4},"end":{"line":15,"column":5}},{"start":{},"end":{}}],"line":11},"1":{"loc":{"start":{"line":18,"column":4},"end":{"line":22,"column":5}},"type":"if","locations":[{"start":{"line":18,"column":4},"end":{"line":22,"column":5}},{"start":{},"end":{}}],"line":18},"2":{"loc":{"start":{"line":24,"column":4},"end":{"line":28,"column":5}},"type":"if","locations":[{"start":{"line":24,"column":4},"end":{"line":28,"column":5}},{"start":{},"end":{}}],"line":24}},"s":{"0":4,"1":44,"2":44,"3":17,"4":17,"5":6,"6":6,"7":6,"8":11,"9":11,"10":0,"11":0,"12":0,"13":11,"14":2,"15":2,"16":2,"17":9,"18":9,"19":44},"f":{"0":44,"1":17},"b":{"0":[6,11],"1":[0,11],"2":[2,9]},"_coverageSchema":"1a1c01bbd47fc00a2c39e90264f33305004495a9","hash":"91034dd81a3a5d364f4af7eaa8a758ceecee2e43"}
}
