TN:
SF:src\App.jsx
FN:11,(anonymous_0)
FN:17,(anonymous_1)
FN:21,(anonymous_2)
FN:25,(anonymous_3)
FNF:4
FNH:4
FNDA:22,(anonymous_0)
FNDA:12,(anonymous_1)
FNDA:12,(anonymous_2)
FNDA:39,(anonymous_3)
DA:11,3
DA:12,22
DA:13,21
DA:14,21
DA:15,21
DA:17,21
DA:18,12
DA:21,21
DA:22,12
DA:23,12
DA:25,39
DA:26,12
DA:27,12
DA:30,21
LF:14
LH:14
BRDA:23,0,0,11
BRDA:23,0,1,1
BRF:2
BRH:2
end_of_record
TN:
SF:src\api.js
FN:3,(anonymous_0)
FN:4,(anonymous_1)
FN:9,(anonymous_2)
FN:17,(anonymous_3)
FN:35,(anonymous_4)
FN:58,(anonymous_5)
FN:73,(anonymous_6)
FNF:7
FNH:3
FNDA:15,(anonymous_0)
FNDA:585,(anonymous_1)
FNDA:0,(anonymous_2)
FNDA:17,(anonymous_3)
FNDA:0,(anonymous_4)
FNDA:0,(anonymous_5)
FNDA:0,(anonymous_6)
DA:3,3
DA:4,585
DA:5,15
DA:6,15
DA:9,3
DA:10,0
DA:13,0
DA:14,0
DA:17,3
DA:18,17
DA:19,17
DA:22,0
DA:24,0
DA:25,0
DA:26,0
DA:27,0
DA:28,0
DA:29,0
DA:30,0
DA:31,0
DA:35,3
DA:36,0
DA:38,0
DA:41,0
DA:42,0
DA:43,0
DA:44,0
DA:45,0
DA:46,0
DA:49,0
DA:50,0
DA:51,0
DA:53,0
DA:55,0
DA:58,3
DA:60,0
DA:61,0
DA:66,0
DA:68,0
DA:69,0
DA:73,3
DA:74,0
DA:75,0
DA:78,0
DA:79,0
DA:82,0
LF:46
LH:11
BRDA:18,0,0,17
BRDA:18,0,1,0
BRDA:24,1,0,0
BRDA:24,1,1,0
BRDA:29,2,0,0
BRDA:29,2,1,0
BRDA:38,3,0,0
BRDA:38,3,1,0
BRDA:41,4,0,0
BRDA:41,4,1,0
BRDA:41,5,0,0
BRDA:41,5,1,0
BRDA:45,6,0,0
BRDA:45,6,1,0
BRDA:53,7,0,0
BRDA:53,7,1,0
BRDA:60,8,0,0
BRDA:60,8,1,0
BRDA:60,9,0,0
BRDA:60,9,1,0
BRDA:79,10,0,0
BRDA:79,10,1,0
BRF:22
BRH:1
end_of_record
TN:
SF:src\mock-data.js
FNF:0
FNH:0
DA:1,4
LF:1
LH:1
BRF:0
BRH:0
end_of_record
TN:
SF:src\components\CitySearch.jsx
FN:3,(anonymous_0)
FN:8,(anonymous_1)
FN:10,(anonymous_2)
FN:19,(anonymous_3)
FN:26,(anonymous_4)
FN:37,(anonymous_5)
FN:42,(anonymous_6)
FNF:7
FNH:7
FNDA:81,(anonymous_0)
FNDA:24,(anonymous_1)
FNDA:90,(anonymous_2)
FNDA:2,(anonymous_3)
FNDA:20,(anonymous_4)
FNDA:6,(anonymous_5)
FNDA:38,(anonymous_6)
DA:3,3
DA:4,81
DA:5,81
DA:6,81
DA:8,81
DA:9,24
DA:10,24
DA:11,90
DA:15,24
DA:16,24
DA:19,81
DA:20,2
DA:21,2
DA:22,2
DA:23,2
DA:26,81
DA:27,20
DA:30,81
DA:37,6
DA:43,38
LF:20
LH:20
BRDA:10,0,0,18
BRDA:10,0,1,6
BRDA:27,1,0,20
BRDA:27,1,1,1
BRDA:40,2,0,31
BRDA:40,2,1,50
BRF:6
BRH:6
end_of_record
TN:
SF:src\components\Event.jsx
FN:3,(anonymous_0)
FN:15,(anonymous_1)
FNF:2
FNH:2
FNDA:285,(anonymous_0)
FNDA:3,(anonymous_1)
DA:3,4
DA:4,285
DA:6,285
DA:7,285
DA:8,285
DA:10,285
DA:15,3
LF:7
LH:7
BRDA:6,0,0,285
BRDA:6,0,1,1
BRDA:7,1,0,284
BRDA:7,1,1,1
BRDA:8,2,0,285
BRDA:8,2,1,1
BRDA:15,3,0,2
BRDA:15,3,1,283
BRDA:17,4,0,285
BRDA:17,4,1,2
BRF:10
BRH:10
end_of_record
TN:
SF:src\components\EventList.jsx
FN:5,(anonymous_0)
FN:9,(anonymous_1)
FNF:2
FNH:2
FNDA:24,(anonymous_0)
FNDA:267,(anonymous_1)
DA:5,3
DA:6,24
DA:9,267
LF:3
LH:3
BRDA:8,0,0,22
BRDA:8,0,1,2
BRF:2
BRH:2
end_of_record
TN:
SF:src\components\NumberOfEvents.jsx
FN:5,(anonymous_0)
FN:8,(anonymous_1)
FNF:2
FNH:2
FNDA:44,(anonymous_0)
FNDA:17,(anonymous_1)
DA:5,4
DA:6,44
DA:8,44
DA:9,17
DA:11,17
DA:12,6
DA:13,6
DA:14,6
DA:16,11
DA:18,11
DA:19,0
DA:20,0
DA:21,0
DA:24,11
DA:25,2
DA:26,2
DA:27,2
DA:30,9
DA:31,9
DA:34,44
LF:20
LH:17
BRDA:11,0,0,6
BRDA:11,0,1,11
BRDA:18,1,0,0
BRDA:18,1,1,11
BRDA:24,2,0,2
BRDA:24,2,1,9
BRF:6
BRH:5
end_of_record
