TN:
SF:src\App.jsx
FN:11,(anonymous_0)
FN:17,(anonymous_1)
FN:21,(anonymous_2)
FN:25,(anonymous_3)
FNF:4
FNH:4
FNDA:12,(anonymous_0)
FNDA:7,(anonymous_1)
FNDA:7,(anonymous_2)
FNDA:39,(anonymous_3)
DA:11,3
DA:12,12
DA:13,11
DA:14,11
DA:15,11
DA:17,11
DA:18,7
DA:21,11
DA:22,7
DA:23,7
DA:25,39
DA:26,7
DA:27,7
DA:30,11
LF:14
LH:14
BRDA:23,0,0,6
BRDA:23,0,1,1
BRF:2
BRH:2
end_of_record
TN:
SF:src\api.js
FN:3,(anonymous_0)
FN:4,(anonymous_1)
FN:9,(anonymous_2)
FNF:3
FNH:3
FNDA:10,(anonymous_0)
FNDA:390,(anonymous_1)
FNDA:12,(anonymous_2)
DA:3,3
DA:4,390
DA:5,10
DA:6,10
DA:9,3
DA:10,12
LF:6
LH:6
BRF:0
BRH:0
end_of_record
TN:
SF:src\mock-data.js
FNF:0
FNH:0
DA:1,4
LF:1
LH:1
BRF:0
BRH:0
end_of_record
TN:
SF:src\components\CitySearch.jsx
FN:3,(anonymous_0)
FN:8,(anonymous_1)
FN:10,(anonymous_2)
FN:19,(anonymous_3)
FN:26,(anonymous_4)
FN:37,(anonymous_5)
FN:42,(anonymous_6)
FNF:7
FNH:7
FNDA:58,(anonymous_0)
FNDA:18,(anonymous_1)
FNDA:90,(anonymous_2)
FNDA:2,(anonymous_3)
FNDA:16,(anonymous_4)
FNDA:5,(anonymous_5)
FNDA:38,(anonymous_6)
DA:3,3
DA:4,58
DA:5,58
DA:6,58
DA:8,58
DA:9,18
DA:10,18
DA:11,90
DA:15,18
DA:16,18
DA:19,58
DA:20,2
DA:21,2
DA:22,2
DA:23,2
DA:26,58
DA:27,16
DA:30,58
DA:37,5
DA:43,38
LF:20
LH:20
BRDA:10,0,0,18
BRDA:10,0,1,0
BRDA:40,1,0,24
BRDA:40,1,1,34
BRF:4
BRH:3
end_of_record
TN:
SF:src\components\Event.jsx
FN:3,(anonymous_0)
FN:15,(anonymous_1)
FNF:2
FNH:2
FNDA:197,(anonymous_0)
FNDA:3,(anonymous_1)
DA:3,4
DA:4,197
DA:6,197
DA:7,197
DA:8,197
DA:10,197
DA:15,3
LF:7
LH:7
BRDA:6,0,0,197
BRDA:6,0,1,0
BRDA:7,1,0,197
BRDA:7,1,1,0
BRDA:8,2,0,197
BRDA:8,2,1,0
BRDA:15,3,0,2
BRDA:15,3,1,195
BRDA:17,4,0,197
BRDA:17,4,1,2
BRF:10
BRH:7
end_of_record
TN:
SF:src\components\EventList.jsx
FN:5,(anonymous_0)
FN:9,(anonymous_1)
FNF:2
FNH:2
FNDA:14,(anonymous_0)
FNDA:185,(anonymous_1)
DA:5,3
DA:6,14
DA:9,185
LF:3
LH:3
BRDA:8,0,0,12
BRDA:8,0,1,2
BRF:2
BRH:2
end_of_record
TN:
SF:src\components\NumberOfEvents.jsx
FN:5,(anonymous_0)
FN:8,(anonymous_1)
FNF:2
FNH:2
FNDA:27,(anonymous_0)
FNDA:11,(anonymous_1)
DA:5,4
DA:6,27
DA:8,27
DA:9,11
DA:11,11
DA:12,4
DA:13,4
DA:15,7
DA:17,7
DA:18,0
DA:19,0
DA:22,7
DA:23,2
DA:24,2
DA:27,5
DA:30,27
LF:16
LH:14
BRDA:11,0,0,4
BRDA:11,0,1,7
BRDA:17,1,0,0
BRDA:17,1,1,7
BRDA:22,2,0,2
BRDA:22,2,1,5
BRF:6
BRH:5
end_of_record
